Hello, I am  2
Hello, I am  1
Hello, I am  0
data sent to node 1
data received on node 1 from node 0
data sent to node 2
data received on node 2 from node 0
tensor([[0., 0., 0.,  ..., 0., 0., 0.],
        [0., 0., 0.,  ..., 0., 0., 0.],
        [0., 0., 0.,  ..., 0., 0., 0.],
        ...,
        [0., 0., 0.,  ..., 0., 0., 0.],
        [0., 0., 0.,  ..., 0., 0., 0.],
        [0., 0., 0.,  ..., 0., 0., 0.]]) torch.Size([1354, 1433])
tensor([[   0,    0,    0,  ..., 1676, 1676, 1676],
        [ 342, 1013, 1611,  ...,   82,  319,  796]]) torch.Size([2, 5900])
tensor([[0., 0., 0.,  ..., 0., 0., 0.],
        [0., 0., 0.,  ..., 0., 0., 0.],
        [0., 0., 0.,  ..., 0., 0., 0.],
        ...,
        [0., 0., 0.,  ..., 0., 0., 0.],
        [0., 0., 0.,  ..., 0., 0., 0.],
        [0., 0., 0.,  ..., 0., 0., 0.]]) torch.Size([1354, 1433])
tensor([[1354,    0,    0,  ..., 1268, 1268, 1268],
        [1341,    1,  302,  ..., 1430, 1546, 1269]]) torch.Size([2, 5676])
