Hello, I am  2
Hello, I am  1
Hello, I am  0
Downloading https://github.com/kimiyoung/planetoid/raw/master/data/ind.cora.x
Downloading https://github.com/kimiyoung/planetoid/raw/master/data/ind.cora.tx
Downloading https://github.com/kimiyoung/planetoid/raw/master/data/ind.cora.allx
Downloading https://github.com/kimiyoung/planetoid/raw/master/data/ind.cora.y
Downloading https://github.com/kimiyoung/planetoid/raw/master/data/ind.cora.ty
Downloading https://github.com/kimiyoung/planetoid/raw/master/data/ind.cora.ally
Downloading https://github.com/kimiyoung/planetoid/raw/master/data/ind.cora.graph
Downloading https://github.com/kimiyoung/planetoid/raw/master/data/ind.cora.test.index
Processing...
Done!
srun: Job step aborted: Waiting up to 32 seconds for job step to finish.
Killing subprocess 364290
Main process received SIGTERM, exiting
slurmstepd: error: *** STEP 116912.0 ON node014 CANCELLED AT 2023-12-05T20:11:26 ***
Killing subprocess 773007
srun: got SIGCONT
Main process received SIGTERM, exiting
Killing subprocess 796441
Main process received SIGTERM, exiting
slurmstepd: error: *** JOB 116912 ON node014 CANCELLED AT 2023-12-05T20:11:26 ***
srun: forcing job termination
