Hello, I am  2
Hello, I am  1
Hello, I am  0
data sent to node 1
data received on node 1 from node 0
tensor([[0., 0., 0.,  ..., 0., 0., 0.],
        [0., 0., 0.,  ..., 0., 0., 0.],
        [0., 0., 0.,  ..., 0., 0., 0.],
        ...,
        [0., 0., 0.,  ..., 0., 0., 0.],
        [0., 0., 0.,  ..., 0., 0., 0.],
        [0., 0., 0.,  ..., 0., 0., 0.]]) torch.Size([1354, 1433])
tensor([[1354,    0, 1357,  ...,  925,  925,  925],
        [ 985,  846, 1283,  ..., 1749, 2323,  926]]) torch.Size([2, 6252])
world size 3
request nodes: 696 [1354, 1357, 1362, 1363, 1364, 1365, 1366, 1367, 1368, 1369, 1370, 1371, 1372, 1374, 1376, 1378, 1381, 1382, 1384, 1387, 1391, 1393, 1396, 1397, 1398, 1399, 1400, 1401, 1402, 1403, 1404, 1407, 1409, 1410, 1411, 1412, 1413, 1414, 1415, 1416, 1417, 1418, 1419, 1420, 1421, 1424, 1426, 1429, 1432, 1434, 1435, 1436, 1437, 1438, 1439, 1443, 1444, 1447, 1452, 1453, 1454, 1455, 1456, 1458, 1464, 1465, 1466, 1468, 1469, 1470, 1472, 1477, 1479, 1480, 1482, 1483, 1484, 1486, 1490, 1491, 1494, 1495, 1496, 1497, 1501, 1503, 1505, 1508, 1510, 1512, 1515, 1519, 1520, 1521, 1523, 1524, 1530, 1531, 1532, 1533, 1534, 1537, 1539, 1542, 1543, 1544, 1546, 1551, 1553, 1555, 1557, 1559, 1561, 1562, 1563, 1564, 1568, 1571, 1572, 1573, 1577, 1578, 1580, 1582, 1584, 1586, 1590, 1592, 1593, 1595, 1596, 1598, 1600, 1601, 1602, 1603, 1604, 1605, 1606, 1607, 1608, 1610, 1612, 1618, 1622, 1623, 1630, 1631, 1633, 1638, 1639, 1640, 1642, 1645, 1647, 1648, 1649, 1650, 1651, 1653, 1654, 1656, 1659, 1661, 1664, 1665, 1668, 1669, 1670, 1671, 1672, 1673, 1677, 1679, 1680, 1683, 1685, 1686, 1691, 1692, 1693, 1694, 1696, 1697, 1698, 1701, 1702, 1704, 1705, 1708, 1709, 1711, 1714, 1716, 1719, 1721, 1724, 1725, 1727, 1728, 1730, 1731, 1732, 1735, 1736, 1737, 1738, 1739, 1740, 1742, 1743, 1745, 1746, 1749, 1750, 1751, 1752, 1753, 1754, 1756, 1757, 1758, 1762, 1765, 1768, 1769, 1771, 1773, 1774, 1775, 1777, 1778, 1779, 1780, 1781, 1786, 1789, 1791, 1793, 1795, 1797, 1799, 1800, 1802, 1805, 1806, 1809, 1812, 1815, 1816, 1817, 1818, 1823, 1824, 1825, 1827, 1830, 1831, 1833, 1834, 1835, 1837, 1839, 1840, 1842, 1843, 1844, 1845, 1846, 1848, 1849, 1850, 1858, 1860, 1862, 1864, 1869, 1871, 1879, 1880, 1882, 1886, 1889, 1890, 1891, 1896, 1897, 1898, 1900, 1902, 1903, 1906, 1907, 1909, 1910, 1913, 1915, 1917, 1918, 1920, 1921, 1922, 1925, 1928, 1929, 1930, 1931, 1934, 1936, 1937, 1940, 1941, 1942, 1944, 1945, 1947, 1951, 1955, 1956, 1959, 1962, 1966, 1970, 1971, 1975, 1978, 1981, 1983, 1985, 1987, 1988, 1990, 1992, 1993, 1994, 1998, 1999, 2000, 2002, 2003, 2004, 2007, 2009, 2010, 2012, 2013, 2014, 2015, 2016, 2018, 2020, 2021, 2022, 2024, 2029, 2031, 2033, 2034, 2035, 2036, 2038, 2039, 2041, 2044, 2045, 2047, 2049, 2051, 2052, 2054, 2055, 2056, 2059, 2060, 2063, 2066, 2067, 2074, 2077, 2078, 2079, 2081, 2082, 2083, 2084, 2085, 2087, 2091, 2092, 2093, 2095, 2096, 2097, 2099, 2101, 2102, 2103, 2104, 2105, 2108, 2111, 2112, 2113, 2115, 2116, 2118, 2119, 2120, 2121, 2122, 2123, 2126, 2127, 2129, 2130, 2132, 2134, 2135, 2140, 2141, 2145, 2149, 2150, 2151, 2153, 2154, 2161, 2166, 2167, 2168, 2170, 2173, 2174, 2176, 2177, 2178, 2182, 2183, 2184, 2185, 2187, 2190, 2191, 2192, 2197, 2198, 2199, 2200, 2201, 2203, 2204, 2205, 2206, 2210, 2212, 2214, 2215, 2216, 2217, 2219, 2224, 2225, 2227, 2228, 2232, 2234, 2235, 2236, 2237, 2238, 2240, 2242, 2245, 2248, 2249, 2250, 2252, 2253, 2255, 2257, 2258, 2259, 2261, 2262, 2263, 2265, 2267, 2268, 2269, 2271, 2272, 2275, 2276, 2278, 2282, 2283, 2284, 2286, 2288, 2289, 2290, 2294, 2295, 2298, 2300, 2301, 2302, 2313, 2315, 2317, 2318, 2320, 2321, 2322, 2323, 2324, 2325, 2326, 2328, 2329, 2330, 2331, 2333, 2334, 2341, 2342, 2343, 2344, 2345, 2346, 2347, 2348, 2350, 2352, 2355, 2357, 2358, 2359, 2361, 2362, 2363, 2364, 2367, 2368, 2370, 2376, 2378, 2379, 2381, 2382, 2384, 2385, 2387, 2389, 2392, 2393, 2395, 2396, 2397, 2400, 2401, 2405, 2406, 2407, 2408, 2412, 2413, 2414, 2416, 2417, 2427, 2428, 2430, 2431, 2432, 2433, 2434, 2436, 2439, 2440, 2442, 2443, 2446, 2447, 2448, 2449, 2450, 2452, 2453, 2454, 2455, 2457, 2458, 2460, 2461, 2462, 2463, 2465, 2466, 2467, 2468, 2469, 2470, 2471, 2472, 2473, 2474, 2475, 2476, 2477, 2478, 2481, 2482, 2483, 2488, 2490, 2495, 2505, 2507, 2508, 2511, 2513, 2514, 2515, 2517, 2520, 2521, 2530, 2533, 2535, 2537, 2541, 2544, 2551, 2552, 2553, 2554, 2557, 2561, 2562, 2563, 2565, 2571, 2572, 2573, 2574, 2576, 2577, 2579, 2582, 2587, 2588, 2590, 2595, 2596, 2598, 2599, 2601, 2603, 2604, 2610, 2613, 2619, 2623, 2624, 2630, 2631, 2635, 2641, 2644, 2645, 2646, 2649, 2651, 2660, 2664, 2665, 2666, 2667, 2668, 2669, 2672, 2673, 2674, 2675, 2680, 2683, 2686, 2687, 2690, 2691, 2692, 2703, 2704, 2706, 2707]
request nodes: 696 [1354, 1357, 1362, 1363, 1364, 1365, 1366, 1367, 1368, 1369, 1370, 1371, 1372, 1374, 1376, 1378, 1381, 1382, 1384, 1387, 1391, 1393, 1396, 1397, 1398, 1399, 1400, 1401, 1402, 1403, 1404, 1407, 1409, 1410, 1411, 1412, 1413, 1414, 1415, 1416, 1417, 1418, 1419, 1420, 1421, 1424, 1426, 1429, 1432, 1434, 1435, 1436, 1437, 1438, 1439, 1443, 1444, 1447, 1452, 1453, 1454, 1455, 1456, 1458, 1464, 1465, 1466, 1468, 1469, 1470, 1472, 1477, 1479, 1480, 1482, 1483, 1484, 1486, 1490, 1491, 1494, 1495, 1496, 1497, 1501, 1503, 1505, 1508, 1510, 1512, 1515, 1519, 1520, 1521, 1523, 1524, 1530, 1531, 1532, 1533, 1534, 1537, 1539, 1542, 1543, 1544, 1546, 1551, 1553, 1555, 1557, 1559, 1561, 1562, 1563, 1564, 1568, 1571, 1572, 1573, 1577, 1578, 1580, 1582, 1584, 1586, 1590, 1592, 1593, 1595, 1596, 1598, 1600, 1601, 1602, 1603, 1604, 1605, 1606, 1607, 1608, 1610, 1612, 1618, 1622, 1623, 1630, 1631, 1633, 1638, 1639, 1640, 1642, 1645, 1647, 1648, 1649, 1650, 1651, 1653, 1654, 1656, 1659, 1661, 1664, 1665, 1668, 1669, 1670, 1671, 1672, 1673, 1677, 1679, 1680, 1683, 1685, 1686, 1691, 1692, 1693, 1694, 1696, 1697, 1698, 1701, 1702, 1704, 1705, 1708, 1709, 1711, 1714, 1716, 1719, 1721, 1724, 1725, 1727, 1728, 1730, 1731, 1732, 1735, 1736, 1737, 1738, 1739, 1740, 1742, 1743, 1745, 1746, 1749, 1750, 1751, 1752, 1753, 1754, 1756, 1757, 1758, 1762, 1765, 1768, 1769, 1771, 1773, 1774, 1775, 1777, 1778, 1779, 1780, 1781, 1786, 1789, 1791, 1793, 1795, 1797, 1799, 1800, 1802, 1805, 1806, 1809, 1812, 1815, 1816, 1817, 1818, 1823, 1824, 1825, 1827, 1830, 1831, 1833, 1834, 1835, 1837, 1839, 1840, 1842, 1843, 1844, 1845, 1846, 1848, 1849, 1850, 1858, 1860, 1862, 1864, 1869, 1871, 1879, 1880, 1882, 1886, 1889, 1890, 1891, 1896, 1897, 1898, 1900, 1902, 1903, 1906, 1907, 1909, 1910, 1913, 1915, 1917, 1918, 1920, 1921, 1922, 1925, 1928, 1929, 1930, 1931, 1934, 1936, 1937, 1940, 1941, 1942, 1944, 1945, 1947, 1951, 1955, 1956, 1959, 1962, 1966, 1970, 1971, 1975, 1978, 1981, 1983, 1985, 1987, 1988, 1990, 1992, 1993, 1994, 1998, 1999, 2000, 2002, 2003, 2004, 2007, 2009, 2010, 2012, 2013, 2014, 2015, 2016, 2018, 2020, 2021, 2022, 2024, 2029, 2031, 2033, 2034, 2035, 2036, 2038, 2039, 2041, 2044, 2045, 2047, 2049, 2051, 2052, 2054, 2055, 2056, 2059, 2060, 2063, 2066, 2067, 2074, 2077, 2078, 2079, 2081, 2082, 2083, 2084, 2085, 2087, 2091, 2092, 2093, 2095, 2096, 2097, 2099, 2101, 2102, 2103, 2104, 2105, 2108, 2111, 2112, 2113, 2115, 2116, 2118, 2119, 2120, 2121, 2122, 2123, 2126, 2127, 2129, 2130, 2132, 2134, 2135, 2140, 2141, 2145, 2149, 2150, 2151, 2153, 2154, 2161, 2166, 2167, 2168, 2170, 2173, 2174, 2176, 2177, 2178, 2182, 2183, 2184, 2185, 2187, 2190, 2191, 2192, 2197, 2198, 2199, 2200, 2201, 2203, 2204, 2205, 2206, 2210, 2212, 2214, 2215, 2216, 2217, 2219, 2224, 2225, 2227, 2228, 2232, 2234, 2235, 2236, 2237, 2238, 2240, 2242, 2245, 2248, 2249, 2250, 2252, 2253, 2255, 2257, 2258, 2259, 2261, 2262, 2263, 2265, 2267, 2268, 2269, 2271, 2272, 2275, 2276, 2278, 2282, 2283, 2284, 2286, 2288, 2289, 2290, 2294, 2295, 2298, 2300, 2301, 2302, 2313, 2315, 2317, 2318, 2320, 2321, 2322, 2323, 2324, 2325, 2326, 2328, 2329, 2330, 2331, 2333, 2334, 2341, 2342, 2343, 2344, 2345, 2346, 2347, 2348, 2350, 2352, 2355, 2357, 2358, 2359, 2361, 2362, 2363, 2364, 2367, 2368, 2370, 2376, 2378, 2379, 2381, 2382, 2384, 2385, 2387, 2389, 2392, 2393, 2395, 2396, 2397, 2400, 2401, 2405, 2406, 2407, 2408, 2412, 2413, 2414, 2416, 2417, 2427, 2428, 2430, 2431, 2432, 2433, 2434, 2436, 2439, 2440, 2442, 2443, 2446, 2447, 2448, 2449, 2450, 2452, 2453, 2454, 2455, 2457, 2458, 2460, 2461, 2462, 2463, 2465, 2466, 2467, 2468, 2469, 2470, 2471, 2472, 2473, 2474, 2475, 2476, 2477, 2478, 2481, 2482, 2483, 2488, 2490, 2495, 2505, 2507, 2508, 2511, 2513, 2514, 2515, 2517, 2520, 2521, 2530, 2533, 2535, 2537, 2541, 2544, 2551, 2552, 2553, 2554, 2557, 2561, 2562, 2563, 2565, 2571, 2572, 2573, 2574, 2576, 2577, 2579, 2582, 2587, 2588, 2590, 2595, 2596, 2598, 2599, 2601, 2603, 2604, 2610, 2613, 2619, 2623, 2624, 2630, 2631, 2635, 2641, 2644, 2645, 2646, 2649, 2651, 2660, 2664, 2665, 2666, 2667, 2668, 2669, 2672, 2673, 2674, 2675, 2680, 2683, 2686, 2687, 2690, 2691, 2692, 2703, 2704, 2706, 2707]
Traceback (most recent call last):
  File "GCN_Cora_Distributed_MulNode.py", line 183, in <module>
    main(rank, world_size, host_addr_full)
  File "GCN_Cora_Distributed_MulNode.py", line 169, in main
    _, pred = model(data).max(dim=1)
  File "/home/dsys2352/miniconda3/envs/dist_GNN/lib/python3.6/site-packages/torch/nn/modules/module.py", line 889, in _call_impl
    result = self.forward(*input, **kwargs)
  File "GCN_Cora_Distributed_MulNode.py", line 95, in forward
    if(self.rank == i or len(requested_nodes_list[i]) == 0):
TypeError: object of type 'int' has no len()
data sent to node 2
data received on node 2 from node 0
tensor([[0., 0., 0.,  ..., 0., 0., 0.],
        [0., 0., 0.,  ..., 0., 0., 0.],
        [0., 0., 0.,  ..., 0., 0., 0.],
        ...,
        [0., 0., 0.,  ..., 0., 0., 0.],
        [0., 0., 0.,  ..., 0., 0., 0.],
        [0., 0., 0.,  ..., 0., 0., 0.]]) torch.Size([1354, 1433])
tensor([[1354, 1354, 1354,  ...,  925,  925,  925],
        [1772, 2530,  985,  ..., 1464, 1749, 2323]]) torch.Size([2, 6624])
world size 3
request nodes: 498 [29, 35, 40, 51, 54, 65, 77, 101, 104, 107, 122, 132, 140, 147, 165, 166, 167, 168, 175, 178, 180, 182, 186, 195, 198, 200, 216, 222, 227, 231, 235, 239, 242, 244, 270, 277, 288, 291, 294, 307, 309, 331, 345, 347, 353, 355, 356, 365, 379, 381, 385, 390, 402, 417, 420, 428, 432, 453, 455, 456, 462, 463, 470, 496, 499, 513, 520, 522, 538, 539, 540, 544, 545, 562, 567, 568, 572, 587, 597, 608, 613, 617, 646, 650, 653, 662, 664, 665, 670, 676, 677, 685, 686, 687, 691, 710, 711, 713, 714, 1353, 1352, 724, 727, 1351, 737, 1350, 1349, 1347, 1346, 1345, 1344, 1343, 1342, 1341, 1340, 1339, 1338, 1337, 1336, 1335, 1334, 1333, 1332, 1331, 1330, 1329, 1328, 1327, 1326, 1325, 1324, 1323, 1322, 1321, 1320, 1319, 1318, 1317, 1316, 1315, 1314, 1313, 1312, 1311, 1310, 1309, 1308, 1307, 1305, 1304, 1303, 1302, 1301, 1300, 1299, 1298, 1297, 1296, 1295, 1294, 1293, 1292, 1291, 1290, 1289, 1288, 1286, 1285, 1283, 1282, 751, 1281, 1280, 1279, 1278, 1277, 1276, 1275, 1274, 1273, 1272, 1271, 1270, 1269, 1268, 1266, 1265, 1264, 1263, 1262, 1261, 1260, 1259, 1258, 1257, 1256, 1255, 1254, 1253, 1252, 1251, 1250, 1249, 1248, 1247, 1246, 1245, 1244, 1243, 1242, 1241, 1240, 1239, 1237, 1236, 1235, 1234, 1233, 1232, 1231, 1229, 1228, 1226, 1225, 1223, 1222, 1221, 1220, 1219, 1218, 1217, 1216, 1215, 1214, 1213, 1212, 1211, 1210, 1209, 1208, 1207, 1206, 1205, 1204, 1203, 1202, 1201, 1200, 1199, 1198, 1197, 1196, 1195, 1194, 1193, 1192, 1191, 1190, 1189, 1188, 1187, 1186, 1184, 1183, 1182, 1181, 1180, 1178, 1177, 1176, 1175, 1174, 1173, 1172, 771, 1171, 1170, 1169, 1168, 1167, 1166, 1165, 1164, 1163, 1162, 1160, 1159, 1158, 1157, 1156, 1155, 1153, 1152, 1151, 1150, 1148, 1147, 1146, 1145, 1144, 1143, 1142, 1141, 1140, 1139, 1138, 1137, 1136, 1135, 1134, 1133, 1132, 1131, 1130, 1129, 1128, 779, 1127, 1126, 1125, 1124, 1123, 780, 1122, 1121, 1120, 1119, 1118, 1117, 1116, 1115, 1114, 1113, 1112, 1111, 1110, 1109, 1108, 1107, 1106, 1105, 1103, 1102, 1101, 1100, 1099, 1097, 1096, 1095, 1094, 1093, 1092, 1091, 1090, 1089, 1087, 1086, 1085, 1084, 1083, 1082, 1080, 1078, 1077, 1074, 1073, 1072, 1071, 1070, 1069, 1068, 1067, 1066, 1065, 1064, 1063, 1062, 1061, 1060, 1058, 1057, 1056, 1055, 1054, 1053, 1052, 1051, 1050, 1049, 1048, 1047, 1046, 1045, 1044, 1043, 1042, 1040, 1039, 1038, 1037, 1036, 1035, 1034, 1033, 1032, 1031, 1029, 1028, 1027, 1026, 1025, 1024, 1022, 1021, 1020, 1019, 1018, 1017, 1016, 842, 1015, 1014, 1012, 1011, 1010, 1009, 1008, 1007, 1006, 1005, 1003, 1002, 1001, 1000, 998, 997, 996, 995, 994, 992, 991, 990, 989, 988, 987, 986, 985, 984, 983, 981, 980, 979, 978, 977, 976, 975, 974, 973, 972, 971, 970, 969, 968, 967, 966, 965, 964, 961, 960, 959, 958, 957, 956, 953, 952, 951, 950, 949, 948, 947, 946, 943, 942, 941, 940, 939, 938, 937, 936, 935, 934, 932, 930, 929, 928, 927, 926, 925]
Traceback (most recent call last):
  File "GCN_Cora_Distributed_MulNode.py", line 183, in <module>
    main(rank, world_size, host_addr_full)
  File "GCN_Cora_Distributed_MulNode.py", line 169, in main
    _, pred = model(data).max(dim=1)
  File "/home/dsys2352/miniconda3/envs/dist_GNN/lib/python3.6/site-packages/torch/nn/modules/module.py", line 889, in _call_impl
    result = self.forward(*input, **kwargs)
  File "GCN_Cora_Distributed_MulNode.py", line 95, in forward
    if(self.rank == i or len(requested_nodes_list[i]) == 0):
TypeError: object of type 'int' has no len()
Traceback (most recent call last):
  File "/home/dsys2352/miniconda3/envs/dist_GNN/lib/python3.6/runpy.py", line 193, in _run_module_as_main
    "__main__", mod_spec)
  File "/home/dsys2352/miniconda3/envs/dist_GNN/lib/python3.6/runpy.py", line 85, in _run_code
    exec(code, run_globals)
  File "/home/dsys2352/miniconda3/envs/dist_GNN/lib/python3.6/site-packages/torch/distributed/launch.py", line 340, in <module>
    main()
  File "/home/dsys2352/miniconda3/envs/dist_GNN/lib/python3.6/site-packages/torch/distributed/launch.py", line 326, in main
    sigkill_handler(signal.SIGTERM, None)  # not coming back
  File "/home/dsys2352/miniconda3/envs/dist_GNN/lib/python3.6/site-packages/torch/distributed/launch.py", line 301, in sigkill_handler
    raise subprocess.CalledProcessError(returncode=last_return_code, cmd=cmd)
subprocess.CalledProcessError: Command '['/home/dsys2352/miniconda3/envs/dist_GNN/bin/python', '-u', 'GCN_Cora_Distributed_MulNode.py']' returned non-zero exit status 1.
Killing subprocess 1095392
srun: error: node002: task 1: Exited with exit code 1
Traceback (most recent call last):
  File "/home/dsys2352/miniconda3/envs/dist_GNN/lib/python3.6/runpy.py", line 193, in _run_module_as_main
    "__main__", mod_spec)
  File "/home/dsys2352/miniconda3/envs/dist_GNN/lib/python3.6/runpy.py", line 85, in _run_code
    exec(code, run_globals)
  File "/home/dsys2352/miniconda3/envs/dist_GNN/lib/python3.6/site-packages/torch/distributed/launch.py", line 340, in <module>
    main()
  File "/home/dsys2352/miniconda3/envs/dist_GNN/lib/python3.6/site-packages/torch/distributed/launch.py", line 326, in main
    sigkill_handler(signal.SIGTERM, None)  # not coming back
  File "/home/dsys2352/miniconda3/envs/dist_GNN/lib/python3.6/site-packages/torch/distributed/launch.py", line 301, in sigkill_handler
    raise subprocess.CalledProcessError(returncode=last_return_code, cmd=cmd)
subprocess.CalledProcessError: Command '['/home/dsys2352/miniconda3/envs/dist_GNN/bin/python', '-u', 'GCN_Cora_Distributed_MulNode.py']' returned non-zero exit status 1.
Killing subprocess 289865
srun: error: node024: task 2: Exited with exit code 1
